生成启动时间为 2016/12/15 16:48:02。
     1>项目“E:\WorkSpace\UDP_Socket\UdpClient\UdpClient\UdpClient.vcxproj”在节点 2 上(Build 个目标)。
     1>CustomBuild:
         Moc'ing UdpClient .h...
     1>C:\Program Files\MSBuild\Microsoft.Cpp\v4.0\V120\Microsoft.CppBuild.targets(935,5): warning MSB8027: Two or more files with the name of moc_UdpClient .cpp will produce outputs to the same location. This can lead to an incorrect build result.  The files involved are GeneratedFiles\Debug\moc_UdpClient .cpp, GeneratedFiles\Release\moc_UdpClient .cpp.
       ClCompile:
         D:\vs2013\VC\bin\CL.exe /c /I.\GeneratedFiles /I. /ID:\Qt\Qt5.7.0\5.7\msvc2013\include /I.\GeneratedFiles\Debug /ID:\Qt\Qt5.7.0\5.7\msvc2013\include\QtCore /ID:\Qt\Qt5.7.0\5.7\msvc2013\include\QtGui /ID:\Qt\Qt5.7.0\5.7\msvc2013\include\QtNetwork /ID:\Qt\Qt5.7.0\5.7\msvc2013\include\QtWidgets /Zi /nologo /W1 /WX- /Od /Oy- /D UNICODE /D WIN32 /D WIN64 /D QT_DLL /D QT_CORE_LIB /D QT_GUI_LIB /D QT_NETWORK_LIB /D QT_WIDGETS_LIB /Gm- /EHsc /MDd /GS /fp:precise /Zc:wchar_t /Zc:forScope /Fo"Debug\\" /Fd"Debug\vc120.pdb" /Gd /TP /analyze- /errorReport:prompt "GeneratedFiles\Debug\moc_UdpClient .cpp" main.cpp "UdpClient .cpp"
         moc_UdpClient .cpp
         main.cpp
         UdpClient .cpp
         正在生成代码...
         D:\vs2013\VC\bin\CL.exe /c /I.\GeneratedFiles /I. /ID:\Qt\Qt5.7.0\5.7\msvc2013\include /I.\GeneratedFiles\Debug /ID:\Qt\Qt5.7.0\5.7\msvc2013\include\QtCore /ID:\Qt\Qt5.7.0\5.7\msvc2013\include\QtGui /ID:\Qt\Qt5.7.0\5.7\msvc2013\include\QtNetwork /ID:\Qt\Qt5.7.0\5.7\msvc2013\include\QtWidgets /Zi /nologo /W1 /WX- /Od /Oy- /D UNICODE /D WIN32 /D WIN64 /D QT_DLL /D QT_CORE_LIB /D QT_GUI_LIB /D QT_NETWORK_LIB /D QT_WIDGETS_LIB /Gm- /EHsc /MDd /GS /fp:precise /Zc:wchar_t /Zc:forScope /Fo"Debug\\" /Fd"Debug\vc120.pdb" /Gd /TP /analyze- /errorReport:prompt GeneratedFiles\qrc_udpclient.cpp
         qrc_udpclient.cpp
       Link:
         D:\vs2013\VC\bin\link.exe /ERRORREPORT:PROMPT /OUT:"E:\WorkSpace\UDP_Socket\UdpClient\Win32\Debug\\UdpClient.exe" /NOLOGO /LIBPATH:D:\Qt\Qt5.7.0\5.7\msvc2013\lib qtmaind.lib Qt5Cored.lib Qt5Guid.lib Qt5Networkd.lib Qt5Widgetsd.lib kernel32.lib user32.lib gdi32.lib winspool.lib comdlg32.lib advapi32.lib shell32.lib ole32.lib oleaut32.lib uuid.lib odbc32.lib odbccp32.lib /MANIFEST /MANIFESTUAC:"level='asInvoker' uiAccess='false'" /manifest:embed /DEBUG /PDB:"E:\WorkSpace\UDP_Socket\UdpClient\Win32\Debug\UdpClient.pdb" /SUBSYSTEM:WINDOWS /TLBID:1 /DYNAMICBASE /NXCOMPAT /IMPLIB:"E:\WorkSpace\UDP_Socket\UdpClient\Win32\Debug\UdpClient.lib" /MACHINE:X86 /SAFESEH "Debug\moc_UdpClient .obj"
         Debug\qrc_udpclient.obj
         Debug\main.obj
         "Debug\UdpClient .obj"
         UdpClient.vcxproj -> E:\WorkSpace\UDP_Socket\UdpClient\Win32\Debug\UdpClient.exe
     1>已完成生成项目“E:\WorkSpace\UDP_Socket\UdpClient\UdpClient\UdpClient.vcxproj”(Build 个目标)的操作。

生成成功。

已用时间 00:00:22.80
